app/build/intermediates/manifest_merge_blame_file/debug/manifest-merger-blame-debug-report.txt
1<?xml version="1.0" encoding="utf-8"?>
2<manifest xmlns:android="http://schemas.android.com/apk/res/android"
3    package="ar.edu.itba.inge.pab"
4    android:versionCode="1"
5    android:versionName="1.0" >
6
7    <uses-sdk
8        android:minSdkVersion="24"
8-->src/main/AndroidManifest.xml
9        android:targetSdkVersion="29" />
9-->src/main/AndroidManifest.xml
10
11    <!-- Although the *SdkVersion is captured in gradle build files, this is required for non gradle builds -->
12    <!-- <uses-sdk android:minSdkVersion="14"/> -->
13    <uses-permission android:name="android.permission.ACCESS_NETWORK_STATE" />
13-->[com.google.firebase:firebase-database:19.2.0] AndroidManifest.xml:25:5-79
13-->[com.google.firebase:firebase-database:19.2.0] AndroidManifest.xml:25:22-76
14    <uses-permission android:name="android.permission.INTERNET" />
14-->[com.google.firebase:firebase-database:19.2.0] AndroidManifest.xml:26:5-67
14-->[com.google.firebase:firebase-database:19.2.0] AndroidManifest.xml:26:22-64
15    <uses-permission android:name="android.permission.WAKE_LOCK" />
15-->[androidx.work:work-runtime:2.2.0] AndroidManifest.xml:25:5-68
15-->[androidx.work:work-runtime:2.2.0] AndroidManifest.xml:25:22-65
16    <uses-permission android:name="android.permission.RECEIVE_BOOT_COMPLETED" /> <!-- Required by older versions of Google Play services to create IID tokens -->
16-->[androidx.work:work-runtime:2.2.0] AndroidManifest.xml:27:5-81
16-->[androidx.work:work-runtime:2.2.0] AndroidManifest.xml:27:22-78
17    <uses-permission android:name="com.google.android.c2dm.permission.RECEIVE" />
17-->[com.google.firebase:firebase-iid:19.0.0] AndroidManifest.xml:26:5-82
17-->[com.google.firebase:firebase-iid:19.0.0] AndroidManifest.xml:26:22-79
18    <uses-permission android:name="com.google.android.finsky.permission.BIND_GET_INSTALL_REFERRER_SERVICE" />
18-->[com.google.android.gms:play-services-measurement:17.2.1] AndroidManifest.xml:26:5-110
18-->[com.google.android.gms:play-services-measurement:17.2.1] AndroidManifest.xml:26:22-107
19
20    <application
20-->src/main/AndroidManifest.xml:5:5-23:19
21        android:name="ar.edu.itba.inge.pab.MyApplication"
21-->src/main/AndroidManifest.xml:9:9-38
22        android:allowBackup="true"
22-->src/main/AndroidManifest.xml:6:9-35
23        android:appComponentFactory="androidx.core.app.CoreComponentFactory"
23-->[androidx.core:core:1.1.0] AndroidManifest.xml:24:18-86
24        android:debuggable="true"
25        android:icon="@mipmap/ic_launcher"
25-->src/main/AndroidManifest.xml:7:9-43
26        android:label="@string/app_name"
26-->src/main/AndroidManifest.xml:8:9-41
27        android:roundIcon="@mipmap/ic_launcher_round"
27-->src/main/AndroidManifest.xml:10:9-54
28        android:supportsRtl="true"
28-->src/main/AndroidManifest.xml:11:9-35
29        android:testOnly="true"
30        android:theme="@style/AppTheme" >
30-->src/main/AndroidManifest.xml:12:9-40
31        <activity
31-->src/main/AndroidManifest.xml:13:9-22:20
32            android:name="ar.edu.itba.inge.pab.MainActivity"
32-->src/main/AndroidManifest.xml:14:13-41
33            android:label="@string/app_name"
33-->src/main/AndroidManifest.xml:15:13-45
34            android:theme="@style/AppTheme.NoActionBar" >
34-->src/main/AndroidManifest.xml:16:13-56
35            <intent-filter>
35-->src/main/AndroidManifest.xml:17:13-21:29
36                <action android:name="android.intent.action.MAIN" />
36-->src/main/AndroidManifest.xml:18:17-69
36-->src/main/AndroidManifest.xml:18:25-66
37
38                <category android:name="android.intent.category.LAUNCHER" />
38-->src/main/AndroidManifest.xml:20:17-77
38-->src/main/AndroidManifest.xml:20:27-74
39            </intent-filter>
40        </activity>
41
42        <service
42-->[com.google.firebase:firebase-database:19.2.0] AndroidManifest.xml:29:9-35:19
43            android:name="com.google.firebase.components.ComponentDiscoveryService"
43-->[com.google.firebase:firebase-database:19.2.0] AndroidManifest.xml:30:13-84
44            android:directBootAware="true"
44-->[com.google.firebase:firebase-common:19.3.0] AndroidManifest.xml:34:13-43
45            android:exported="false" >
45-->[com.google.firebase:firebase-database:19.2.0] AndroidManifest.xml:31:13-37
46            <meta-data
46-->[com.google.firebase:firebase-database:19.2.0] AndroidManifest.xml:32:13-34:85
47                android:name="com.google.firebase.components:com.google.firebase.database.DatabaseRegistrar"
47-->[com.google.firebase:firebase-database:19.2.0] AndroidManifest.xml:33:17-109
48                android:value="com.google.firebase.components.ComponentRegistrar" />
48-->[com.google.firebase:firebase-database:19.2.0] AndroidManifest.xml:34:17-82
49            <meta-data
49-->[com.google.firebase:firebase-auth:19.2.0] AndroidManifest.xml:36:13-38:85
50                android:name="com.google.firebase.components:com.google.firebase.auth.FirebaseAuthRegistrar"
50-->[com.google.firebase:firebase-auth:19.2.0] AndroidManifest.xml:37:17-109
51                android:value="com.google.firebase.components.ComponentRegistrar" />
51-->[com.google.firebase:firebase-auth:19.2.0] AndroidManifest.xml:38:17-82
52            <meta-data
52-->[com.google.android.gms:play-services-measurement-api:17.2.1] AndroidManifest.xml:30:13-32:85
53                android:name="com.google.firebase.components:com.google.firebase.analytics.connector.internal.AnalyticsConnectorRegistrar"
53-->[com.google.android.gms:play-services-measurement-api:17.2.1] AndroidManifest.xml:31:17-139
54                android:value="com.google.firebase.components.ComponentRegistrar" />
54-->[com.google.android.gms:play-services-measurement-api:17.2.1] AndroidManifest.xml:32:17-82
55            <meta-data
55-->[com.google.firebase:firebase-iid:19.0.0] AndroidManifest.xml:32:13-34:85
56                android:name="com.google.firebase.components:com.google.firebase.iid.Registrar"
56-->[com.google.firebase:firebase-iid:19.0.0] AndroidManifest.xml:33:17-96
57                android:value="com.google.firebase.components.ComponentRegistrar" />
57-->[com.google.firebase:firebase-iid:19.0.0] AndroidManifest.xml:34:17-82
58        </service>
59
60        <activity
60-->[com.google.firebase:firebase-auth:19.2.0] AndroidManifest.xml:24:9-31:50
61            android:name="com.google.firebase.auth.internal.FederatedSignInActivity"
61-->[com.google.firebase:firebase-auth:19.2.0] AndroidManifest.xml:25:13-85
62            android:excludeFromRecents="true"
62-->[com.google.firebase:firebase-auth:19.2.0] AndroidManifest.xml:26:13-46
63            android:exported="true"
63-->[com.google.firebase:firebase-auth:19.2.0] AndroidManifest.xml:27:13-36
64            android:launchMode="singleTask"
64-->[com.google.firebase:firebase-auth:19.2.0] AndroidManifest.xml:28:13-44
65            android:permission="com.google.firebase.auth.api.gms.permission.LAUNCH_FEDERATED_SIGN_IN"
65-->[com.google.firebase:firebase-auth:19.2.0] AndroidManifest.xml:29:13-102
66            android:theme="@android:style/Theme.Translucent.NoTitleBar" />
66-->[com.google.firebase:firebase-auth:19.2.0] AndroidManifest.xml:30:13-72
67        <activity
67-->[com.google.android.gms:play-services-auth:17.0.0] AndroidManifest.xml:23:9-27:75
68            android:name="com.google.android.gms.auth.api.signin.internal.SignInHubActivity"
68-->[com.google.android.gms:play-services-auth:17.0.0] AndroidManifest.xml:24:13-93
69            android:excludeFromRecents="true"
69-->[com.google.android.gms:play-services-auth:17.0.0] AndroidManifest.xml:25:13-46
70            android:exported="false"
70-->[com.google.android.gms:play-services-auth:17.0.0] AndroidManifest.xml:26:13-37
71            android:theme="@android:style/Theme.Translucent.NoTitleBar" />
71-->[com.google.android.gms:play-services-auth:17.0.0] AndroidManifest.xml:27:13-72
72        <!--
73            Service handling Google Sign-In user revocation. For apps that do not integrate with
74            Google Sign-In, this service will never be started.
75        -->
76        <service
76-->[com.google.android.gms:play-services-auth:17.0.0] AndroidManifest.xml:33:9-36:110
77            android:name="com.google.android.gms.auth.api.signin.RevocationBoundService"
77-->[com.google.android.gms:play-services-auth:17.0.0] AndroidManifest.xml:34:13-89
78            android:exported="true"
78-->[com.google.android.gms:play-services-auth:17.0.0] AndroidManifest.xml:35:13-36
79            android:permission="com.google.android.gms.auth.api.signin.permission.REVOCATION_NOTIFICATION" />
79-->[com.google.android.gms:play-services-auth:17.0.0] AndroidManifest.xml:36:13-107
80
81        <provider
81-->[androidx.work:work-runtime:2.2.0] AndroidManifest.xml:30:9-36:35
82            android:name="androidx.work.impl.WorkManagerInitializer"
82-->[androidx.work:work-runtime:2.2.0] AndroidManifest.xml:31:13-69
83            android:authorities="ar.edu.itba.inge.pab.workmanager-init"
83-->[androidx.work:work-runtime:2.2.0] AndroidManifest.xml:32:13-68
84            android:directBootAware="false"
84-->[androidx.work:work-runtime:2.2.0] AndroidManifest.xml:33:13-44
85            android:exported="false"
85-->[androidx.work:work-runtime:2.2.0] AndroidManifest.xml:34:13-37
86            android:multiprocess="true" />
86-->[androidx.work:work-runtime:2.2.0] AndroidManifest.xml:35:13-40
87
88        <service
88-->[androidx.work:work-runtime:2.2.0] AndroidManifest.xml:38:9-43:35
89            android:name="androidx.work.impl.background.systemalarm.SystemAlarmService"
89-->[androidx.work:work-runtime:2.2.0] AndroidManifest.xml:39:13-88
90            android:directBootAware="false"
90-->[androidx.work:work-runtime:2.2.0] AndroidManifest.xml:40:13-44
91            android:enabled="@bool/enable_system_alarm_service_default"
91-->[androidx.work:work-runtime:2.2.0] AndroidManifest.xml:41:13-72
92            android:exported="false" />
92-->[androidx.work:work-runtime:2.2.0] AndroidManifest.xml:42:13-37
93        <service
93-->[androidx.work:work-runtime:2.2.0] AndroidManifest.xml:44:9-50:35
94            android:name="androidx.work.impl.background.systemjob.SystemJobService"
94-->[androidx.work:work-runtime:2.2.0] AndroidManifest.xml:45:13-84
95            android:directBootAware="false"
95-->[androidx.work:work-runtime:2.2.0] AndroidManifest.xml:46:13-44
96            android:enabled="@bool/enable_system_job_service_default"
96-->[androidx.work:work-runtime:2.2.0] AndroidManifest.xml:47:13-70
97            android:exported="true"
97-->[androidx.work:work-runtime:2.2.0] AndroidManifest.xml:48:13-36
98            android:permission="android.permission.BIND_JOB_SERVICE" />
98-->[androidx.work:work-runtime:2.2.0] AndroidManifest.xml:49:13-69
99
100        <receiver
100-->[androidx.work:work-runtime:2.2.0] AndroidManifest.xml:52:9-57:35
101            android:name="androidx.work.impl.utils.ForceStopRunnable$BroadcastReceiver"
101-->[androidx.work:work-runtime:2.2.0] AndroidManifest.xml:53:13-88
102            android:directBootAware="false"
102-->[androidx.work:work-runtime:2.2.0] AndroidManifest.xml:54:13-44
103            android:enabled="true"
103-->[androidx.work:work-runtime:2.2.0] AndroidManifest.xml:55:13-35
104            android:exported="false" />
104-->[androidx.work:work-runtime:2.2.0] AndroidManifest.xml:56:13-37
105        <receiver
105-->[androidx.work:work-runtime:2.2.0] AndroidManifest.xml:58:9-68:20
106            android:name="androidx.work.impl.background.systemalarm.ConstraintProxy$BatteryChargingProxy"
106-->[androidx.work:work-runtime:2.2.0] AndroidManifest.xml:59:13-106
107            android:directBootAware="false"
107-->[androidx.work:work-runtime:2.2.0] AndroidManifest.xml:60:13-44
108            android:enabled="false"
108-->[androidx.work:work-runtime:2.2.0] AndroidManifest.xml:61:13-36
109            android:exported="false" >
109-->[androidx.work:work-runtime:2.2.0] AndroidManifest.xml:62:13-37
110            <intent-filter>
110-->[androidx.work:work-runtime:2.2.0] AndroidManifest.xml:64:13-67:29
111                <action android:name="android.intent.action.ACTION_POWER_CONNECTED" />
111-->[androidx.work:work-runtime:2.2.0] AndroidManifest.xml:65:17-87
111-->[androidx.work:work-runtime:2.2.0] AndroidManifest.xml:65:25-84
112                <action android:name="android.intent.action.ACTION_POWER_DISCONNECTED" />
112-->[androidx.work:work-runtime:2.2.0] AndroidManifest.xml:66:17-90
112-->[androidx.work:work-runtime:2.2.0] AndroidManifest.xml:66:25-87
113            </intent-filter>
114        </receiver>
115        <receiver
115-->[androidx.work:work-runtime:2.2.0] AndroidManifest.xml:69:9-79:20
116            android:name="androidx.work.impl.background.systemalarm.ConstraintProxy$BatteryNotLowProxy"
116-->[androidx.work:work-runtime:2.2.0] AndroidManifest.xml:70:13-104
117            android:directBootAware="false"
117-->[androidx.work:work-runtime:2.2.0] AndroidManifest.xml:71:13-44
118            android:enabled="false"
118-->[androidx.work:work-runtime:2.2.0] AndroidManifest.xml:72:13-36
119            android:exported="false" >
119-->[androidx.work:work-runtime:2.2.0] AndroidManifest.xml:73:13-37
120            <intent-filter>
120-->[androidx.work:work-runtime:2.2.0] AndroidManifest.xml:75:13-78:29
121                <action android:name="android.intent.action.BATTERY_OKAY" />
121-->[androidx.work:work-runtime:2.2.0] AndroidManifest.xml:76:17-77
121-->[androidx.work:work-runtime:2.2.0] AndroidManifest.xml:76:25-74
122                <action android:name="android.intent.action.BATTERY_LOW" />
122-->[androidx.work:work-runtime:2.2.0] AndroidManifest.xml:77:17-76
122-->[androidx.work:work-runtime:2.2.0] AndroidManifest.xml:77:25-73
123            </intent-filter>
124        </receiver>
125        <receiver
125-->[androidx.work:work-runtime:2.2.0] AndroidManifest.xml:80:9-90:20
126            android:name="androidx.work.impl.background.systemalarm.ConstraintProxy$StorageNotLowProxy"
126-->[androidx.work:work-runtime:2.2.0] AndroidManifest.xml:81:13-104
127            android:directBootAware="false"
127-->[androidx.work:work-runtime:2.2.0] AndroidManifest.xml:82:13-44
128            android:enabled="false"
128-->[androidx.work:work-runtime:2.2.0] AndroidManifest.xml:83:13-36
129            android:exported="false" >
129-->[androidx.work:work-runtime:2.2.0] AndroidManifest.xml:84:13-37
130            <intent-filter>
130-->[androidx.work:work-runtime:2.2.0] AndroidManifest.xml:86:13-89:29
131                <action android:name="android.intent.action.DEVICE_STORAGE_LOW" />
131-->[androidx.work:work-runtime:2.2.0] AndroidManifest.xml:87:17-83
131-->[androidx.work:work-runtime:2.2.0] AndroidManifest.xml:87:25-80
132                <action android:name="android.intent.action.DEVICE_STORAGE_OK" />
132-->[androidx.work:work-runtime:2.2.0] AndroidManifest.xml:88:17-82
132-->[androidx.work:work-runtime:2.2.0] AndroidManifest.xml:88:25-79
133            </intent-filter>
134        </receiver>
135        <receiver
135-->[androidx.work:work-runtime:2.2.0] AndroidManifest.xml:91:9-100:20
136            android:name="androidx.work.impl.background.systemalarm.ConstraintProxy$NetworkStateProxy"
136-->[androidx.work:work-runtime:2.2.0] AndroidManifest.xml:92:13-103
137            android:directBootAware="false"
137-->[androidx.work:work-runtime:2.2.0] AndroidManifest.xml:93:13-44
138            android:enabled="false"
138-->[androidx.work:work-runtime:2.2.0] AndroidManifest.xml:94:13-36
139            android:exported="false" >
139-->[androidx.work:work-runtime:2.2.0] AndroidManifest.xml:95:13-37
140            <intent-filter>
140-->[androidx.work:work-runtime:2.2.0] AndroidManifest.xml:97:13-99:29
141                <action android:name="android.net.conn.CONNECTIVITY_CHANGE" />
141-->[androidx.work:work-runtime:2.2.0] AndroidManifest.xml:98:17-79
141-->[androidx.work:work-runtime:2.2.0] AndroidManifest.xml:98:25-76
142            </intent-filter>
143        </receiver>
144        <receiver
144-->[androidx.work:work-runtime:2.2.0] AndroidManifest.xml:101:9-112:20
145            android:name="androidx.work.impl.background.systemalarm.RescheduleReceiver"
145-->[androidx.work:work-runtime:2.2.0] AndroidManifest.xml:102:13-88
146            android:directBootAware="false"
146-->[androidx.work:work-runtime:2.2.0] AndroidManifest.xml:103:13-44
147            android:enabled="false"
147-->[androidx.work:work-runtime:2.2.0] AndroidManifest.xml:104:13-36
148            android:exported="false" >
148-->[androidx.work:work-runtime:2.2.0] AndroidManifest.xml:105:13-37
149            <intent-filter>
149-->[androidx.work:work-runtime:2.2.0] AndroidManifest.xml:107:13-111:29
150                <action android:name="android.intent.action.BOOT_COMPLETED" />
150-->[androidx.work:work-runtime:2.2.0] AndroidManifest.xml:108:17-79
150-->[androidx.work:work-runtime:2.2.0] AndroidManifest.xml:108:25-76
151                <action android:name="android.intent.action.TIME_SET" />
151-->[androidx.work:work-runtime:2.2.0] AndroidManifest.xml:109:17-73
151-->[androidx.work:work-runtime:2.2.0] AndroidManifest.xml:109:25-70
152                <action android:name="android.intent.action.TIMEZONE_CHANGED" />
152-->[androidx.work:work-runtime:2.2.0] AndroidManifest.xml:110:17-81
152-->[androidx.work:work-runtime:2.2.0] AndroidManifest.xml:110:25-78
153            </intent-filter>
154        </receiver>
155        <receiver
155-->[androidx.work:work-runtime:2.2.0] AndroidManifest.xml:113:9-122:20
156            android:name="androidx.work.impl.background.systemalarm.ConstraintProxyUpdateReceiver"
156-->[androidx.work:work-runtime:2.2.0] AndroidManifest.xml:114:13-99
157            android:directBootAware="false"
157-->[androidx.work:work-runtime:2.2.0] AndroidManifest.xml:115:13-44
158            android:enabled="@bool/enable_system_alarm_service_default"
158-->[androidx.work:work-runtime:2.2.0] AndroidManifest.xml:116:13-72
159            android:exported="false" >
159-->[androidx.work:work-runtime:2.2.0] AndroidManifest.xml:117:13-37
160            <intent-filter>
160-->[androidx.work:work-runtime:2.2.0] AndroidManifest.xml:119:13-121:29
161                <action android:name="androidx.work.impl.background.systemalarm.UpdateProxies" />
161-->[androidx.work:work-runtime:2.2.0] AndroidManifest.xml:120:17-98
161-->[androidx.work:work-runtime:2.2.0] AndroidManifest.xml:120:25-95
162            </intent-filter>
163        </receiver>
164
165        <service
165-->[androidx.room:room-runtime:2.2.2] AndroidManifest.xml:25:9-27:40
166            android:name="androidx.room.MultiInstanceInvalidationService"
166-->[androidx.room:room-runtime:2.2.2] AndroidManifest.xml:26:13-74
167            android:exported="false" />
167-->[androidx.room:room-runtime:2.2.2] AndroidManifest.xml:27:13-37
168
169        <receiver
169-->[com.google.firebase:firebase-iid:19.0.0] AndroidManifest.xml:37:9-44:20
170            android:name="com.google.firebase.iid.FirebaseInstanceIdReceiver"
170-->[com.google.firebase:firebase-iid:19.0.0] AndroidManifest.xml:38:13-78
171            android:exported="true"
171-->[com.google.firebase:firebase-iid:19.0.0] AndroidManifest.xml:39:13-36
172            android:permission="com.google.android.c2dm.permission.SEND" >
172-->[com.google.firebase:firebase-iid:19.0.0] AndroidManifest.xml:40:13-73
173            <intent-filter>
173-->[com.google.firebase:firebase-iid:19.0.0] AndroidManifest.xml:41:13-43:29
174                <action android:name="com.google.android.c2dm.intent.RECEIVE" />
174-->[com.google.firebase:firebase-iid:19.0.0] AndroidManifest.xml:42:17-81
174-->[com.google.firebase:firebase-iid:19.0.0] AndroidManifest.xml:42:25-78
175            </intent-filter>
176        </receiver>
177
178        <activity
178-->[com.google.android.gms:play-services-base:17.1.0] AndroidManifest.xml:23:9-26:75
179            android:name="com.google.android.gms.common.api.GoogleApiActivity"
179-->[com.google.android.gms:play-services-base:17.1.0] AndroidManifest.xml:24:13-79
180            android:exported="false"
180-->[com.google.android.gms:play-services-base:17.1.0] AndroidManifest.xml:25:13-37
181            android:theme="@android:style/Theme.Translucent.NoTitleBar" />
181-->[com.google.android.gms:play-services-base:17.1.0] AndroidManifest.xml:26:13-72
182
183        <provider
183-->[com.google.firebase:firebase-common:19.3.0] AndroidManifest.xml:26:9-30:39
184            android:name="com.google.firebase.provider.FirebaseInitProvider"
184-->[com.google.firebase:firebase-common:19.3.0] AndroidManifest.xml:27:13-77
185            android:authorities="ar.edu.itba.inge.pab.firebaseinitprovider"
185-->[com.google.firebase:firebase-common:19.3.0] AndroidManifest.xml:28:13-72
186            android:exported="false"
186-->[com.google.firebase:firebase-common:19.3.0] AndroidManifest.xml:29:13-37
187            android:initOrder="100" />
187-->[com.google.firebase:firebase-common:19.3.0] AndroidManifest.xml:30:13-36
188
189        <receiver
189-->[com.google.android.gms:play-services-measurement:17.2.1] AndroidManifest.xml:29:9-33:20
190            android:name="com.google.android.gms.measurement.AppMeasurementReceiver"
190-->[com.google.android.gms:play-services-measurement:17.2.1] AndroidManifest.xml:30:13-85
191            android:enabled="true"
191-->[com.google.android.gms:play-services-measurement:17.2.1] AndroidManifest.xml:31:13-35
192            android:exported="false" >
192-->[com.google.android.gms:play-services-measurement:17.2.1] AndroidManifest.xml:32:13-37
193        </receiver>
194        <receiver
194-->[com.google.android.gms:play-services-measurement:17.2.1] AndroidManifest.xml:34:9-42:20
195            android:name="com.google.android.gms.measurement.AppMeasurementInstallReferrerReceiver"
195-->[com.google.android.gms:play-services-measurement:17.2.1] AndroidManifest.xml:35:13-100
196            android:enabled="true"
196-->[com.google.android.gms:play-services-measurement:17.2.1] AndroidManifest.xml:36:13-35
197            android:exported="true"
197-->[com.google.android.gms:play-services-measurement:17.2.1] AndroidManifest.xml:37:13-36
198            android:permission="android.permission.INSTALL_PACKAGES" >
198-->[com.google.android.gms:play-services-measurement:17.2.1] AndroidManifest.xml:38:13-69
199            <intent-filter>
199-->[com.google.android.gms:play-services-measurement:17.2.1] AndroidManifest.xml:39:13-41:29
200                <action android:name="com.android.vending.INSTALL_REFERRER" />
200-->[com.google.android.gms:play-services-measurement:17.2.1] AndroidManifest.xml:40:17-79
200-->[com.google.android.gms:play-services-measurement:17.2.1] AndroidManifest.xml:40:25-76
201            </intent-filter>
202        </receiver>
203
204        <service
204-->[com.google.android.gms:play-services-measurement:17.2.1] AndroidManifest.xml:44:9-47:40
205            android:name="com.google.android.gms.measurement.AppMeasurementService"
205-->[com.google.android.gms:play-services-measurement:17.2.1] AndroidManifest.xml:45:13-84
206            android:enabled="true"
206-->[com.google.android.gms:play-services-measurement:17.2.1] AndroidManifest.xml:46:13-35
207            android:exported="false" />
207-->[com.google.android.gms:play-services-measurement:17.2.1] AndroidManifest.xml:47:13-37
208        <service
208-->[com.google.android.gms:play-services-measurement:17.2.1] AndroidManifest.xml:48:9-52:72
209            android:name="com.google.android.gms.measurement.AppMeasurementJobService"
209-->[com.google.android.gms:play-services-measurement:17.2.1] AndroidManifest.xml:49:13-87
210            android:enabled="true"
210-->[com.google.android.gms:play-services-measurement:17.2.1] AndroidManifest.xml:50:13-35
211            android:exported="false"
211-->[com.google.android.gms:play-services-measurement:17.2.1] AndroidManifest.xml:51:13-37
212            android:permission="android.permission.BIND_JOB_SERVICE" />
212-->[com.google.android.gms:play-services-measurement:17.2.1] AndroidManifest.xml:52:13-69
213
214        <meta-data
214-->[com.google.android.gms:play-services-basement:17.0.0] AndroidManifest.xml:23:9-25:69
215            android:name="com.google.android.gms.version"
215-->[com.google.android.gms:play-services-basement:17.0.0] AndroidManifest.xml:24:13-58
216            android:value="@integer/google_play_services_version" />
216-->[com.google.android.gms:play-services-basement:17.0.0] AndroidManifest.xml:25:13-66
217
218        <provider
218-->[androidx.lifecycle:lifecycle-process:2.1.0] AndroidManifest.xml:23:9-27:43
219            android:name="androidx.lifecycle.ProcessLifecycleOwnerInitializer"
219-->[androidx.lifecycle:lifecycle-process:2.1.0] AndroidManifest.xml:24:13-79
220            android:authorities="ar.edu.itba.inge.pab.lifecycle-process"
220-->[androidx.lifecycle:lifecycle-process:2.1.0] AndroidManifest.xml:25:13-69
221            android:exported="false"
221-->[androidx.lifecycle:lifecycle-process:2.1.0] AndroidManifest.xml:26:13-37
222            android:multiprocess="true" />
222-->[androidx.lifecycle:lifecycle-process:2.1.0] AndroidManifest.xml:27:13-40
223    </application>
224
225</manifest> <!-- TODO: VER SI HACE FALTA PONER ESTO DE ABAJO EN MAIN ACTIVITY -->
226<!-- android:launchMode="singleTop" -->